/Users/luna/Library/Python/3.9/lib/python/site-packages/urllib3/__init__.py:35: NotOpenSSLWarning: urllib3 v2 only supports OpenSSL 1.1.1+, currently the 'ssl' module is compiled with 'LibreSSL 2.8.3'. See: https://github.com/urllib3/urllib3/issues/3020
  warnings.warn(
2026-02-22 12:36:55,741 - INFO -   Fetching from 1476-4687 (2026-01-23 to 2026-02-21)
2026-02-22 12:36:57,990 - INFO -     Found 394 papers
2026-02-22 12:36:57,990 - INFO -   Fetching from 1095-9203 (2026-01-23 to 2026-02-21)
2026-02-22 12:36:58,897 - INFO -     Found 175 papers
2026-02-22 12:36:58,898 - INFO -   Fetching from 1091-6490 (2026-01-23 to 2026-02-21)
2026-02-22 12:37:00,856 - INFO -     Found 402 papers
2026-02-22 12:37:00,856 - INFO -   Fetching from 1944-8007 (2026-01-23 to 2026-02-21)
2026-02-22 12:37:02,952 - INFO -     Found 230 papers
2026-02-22 12:37:02,953 - INFO -   Fetching from 1520-0477 (2026-01-23 to 2026-02-21)
2026-02-22 12:37:03,247 - INFO -     Found 22 papers
2026-02-22 12:37:03,247 - INFO -   Fetching from 1758-6798 (2026-01-23 to 2026-02-21)
2026-02-22 12:37:03,389 - INFO -     Found 22 papers
2026-02-22 12:37:03,389 - INFO -   Fetching from 1752-0908 (2026-01-23 to 2026-02-21)
2026-02-22 12:37:03,580 - INFO -     Found 18 papers
2026-02-22 12:37:03,581 - INFO -   Fetching from 2731-6084 (2026-01-23 to 2026-02-21)
2026-02-22 12:37:03,733 - INFO -     Found 18 papers
2026-02-22 12:37:03,733 - INFO -   Fetching from 1944-9208 (2026-01-23 to 2026-02-21)
2026-02-22 12:37:04,073 - INFO -     Found 2 papers
2026-02-22 12:37:04,073 - INFO -   Fetching from 2041-1723 (2026-01-23 to 2026-02-21)
2026-02-22 12:37:10,898 - INFO -     Found 1142 papers
2026-02-22 12:37:10,900 - INFO -   Fetching from 2662-138X (2026-01-23 to 2026-02-21)
2026-02-22 12:37:11,040 - INFO -     Found 6 papers
2026-02-22 12:37:11,040 - INFO -   Fetching from 1944-7973 (2026-01-23 to 2026-02-21)
2026-02-22 12:37:11,686 - INFO -     Found 71 papers
2026-02-22 12:37:11,686 - INFO -   Fetching from 1879-2707 (2026-01-23 to 2026-02-21)
2026-02-22 12:37:11,843 - INFO -     Found 0 papers
2026-02-22 12:37:11,844 - INFO -   Fetching from 1607-7938 (2026-01-23 to 2026-02-21)
2026-02-22 12:37:12,180 - INFO -     Found 33 papers
2026-02-22 12:37:12,180 - INFO -   Fetching from 1872-9657 (2026-01-23 to 2026-02-21)
2026-02-22 12:37:12,581 - INFO -     Found 0 papers
2026-02-22 12:37:12,581 - INFO -   Fetching from 1520-0442 (2026-01-23 to 2026-02-21)
2026-02-22 12:37:12,970 - INFO -     Found 60 papers
2026-02-22 12:37:12,971 - INFO -   Fetching from 2190-4987 (2026-01-23 to 2026-02-21)
2026-02-22 12:37:13,131 - INFO -     Found 4 papers
2026-02-22 12:37:13,131 - INFO -   Fetching from 1365-2486 (2026-01-23 to 2026-02-21)
2026-02-22 12:37:13,706 - INFO -     Found 42 papers
2026-02-22 12:37:13,707 - INFO -   Fetching from 1748-9326 (2026-01-23 to 2026-02-21)
2026-02-22 12:37:14,020 - INFO -     Found 94 papers
2026-02-22 12:37:14,021 - INFO -   Fetching from 2169-8996 (2026-01-23 to 2026-02-21)
2026-02-22 12:37:14,335 - INFO -     Found 88 papers
2026-02-22 12:37:14,335 - INFO -   Fetching from 1525-7541 (2026-01-23 to 2026-02-21)
2026-02-22 12:37:14,829 - INFO -     Found 13 papers
2026-02-22 12:37:14,830 - INFO -   Fetching from 1942-2466 (2026-01-23 to 2026-02-21)
2026-02-22 12:37:15,341 - INFO -     Found 21 papers
2026-02-22 12:37:15,341 - INFO -   Fetching from 1872-6828 (2026-01-23 to 2026-02-21)
2026-02-22 12:37:15,499 - INFO -     Found 0 papers
2026-02-22 12:37:15,499 - INFO -   Fetching from 2993-5210 (2026-01-23 to 2026-02-21)
2026-02-22 12:37:15,687 - INFO -     Found 22 papers
2026-02-22 12:37:15,687 - INFO -   Fetching from 1991-9603 (2026-01-23 to 2026-02-21)
2026-02-22 12:37:15,926 - INFO -     Found 34 papers
2026-02-22 12:37:15,927 - INFO -   Fetching from 2328-4277 (2026-01-23 to 2026-02-21)
2026-02-22 12:37:16,227 - INFO -     Found 22 papers
2026-02-22 12:37:16,227 - INFO -   Fetching from 2052-4463 (2026-01-23 to 2026-02-21)
2026-02-22 12:37:17,414 - INFO -     Found 227 papers
2026-02-22 12:37:17,414 - INFO -   Fetching from 2045-2322 (2026-01-23 to 2026-02-21)
2026-02-22 12:37:37,064 - INFO -     Found 3919 papers
2026-02-22 12:37:37,066 - INFO -   Fetching from 1099-1085 (2026-01-23 to 2026-02-21)
2026-02-22 12:37:37,460 - INFO -     Found 31 papers
2026-02-22 12:37:37,460 - INFO -   Fetching from 1752-1688 (2026-01-23 to 2026-02-21)
2026-02-22 12:37:37,868 - INFO -     Found 8 papers
2026-02-22 12:37:37,869 - INFO - 
Total papers fetched from CrossRef: 7120
2026-02-22 12:37:37,869 - INFO - 
Applying three-tier classification:
2026-02-22 12:37:37,869 - INFO -   Part 1: Top-tier + topics (with recommendations)
2026-02-22 12:37:37,869 - INFO -   Part 2: High-impact + topics (no recommendations)
2026-02-22 12:37:37,869 - INFO -   Part 3: Top-tier + fields only (no recommendations)

2026-02-22 12:37:37,869 - INFO - [1/7120] Daily briefing: Scientists delve into the smells of history...
2026-02-22 12:37:39,814 - INFO -   ✗ Not in S2 (404 - paper not indexed)
2026-02-22 12:37:39,814 - INFO - [2/7120] Quantum spinning effect observed in a levitating magnet...
2026-02-22 12:37:41,544 - WARNING -   ⚠ Rate limited by S2 - waiting 5 seconds then continuing...
2026-02-22 12:37:46,564 - INFO -   ✗ Skipping this paper due to rate limit
2026-02-22 12:37:46,564 - INFO - [3/7120] Bacterial immune activation via supramolecular assembly with phage tri...
2026-02-22 12:37:48,245 - INFO -   ✗ Rejected: No match
2026-02-22 12:37:48,246 - INFO - [4/7120] Roles of microtubules and LIS1 in dynein transport machinery assembly...
2026-02-22 12:37:50,540 - INFO -   ✗ Rejected: No match
2026-02-22 12:37:50,541 - INFO - [5/7120] Conformational diversity and fully opening mechanism of native NMDA re...
2026-02-22 12:37:52,501 - INFO -   ✗ Rejected: No match
2026-02-22 12:37:52,501 - INFO - [6/7120] Publisher Correction: Psychedelics elicit their effects by 5-HT2A rece...
2026-02-22 12:37:54,266 - INFO -   ✗ Not in S2 (404 - paper not indexed)
2026-02-22 12:37:54,266 - INFO - [7/7120] The science influencers going viral on TikTok to fight misinformation...
2026-02-22 12:37:56,465 - INFO -   ✗ Rejected: No match
2026-02-22 12:37:56,466 - INFO - [8/7120] Developmental convergence and divergence in human stem cell models of ...
2026-02-22 12:37:58,085 - INFO -   ✗ Rejected: No match
2026-02-22 12:37:58,086 - INFO - [9/7120] Daily briefing: The centre of our Galaxy might not be a black hole...
2026-02-22 12:37:59,846 - INFO -   ✗ Not in S2 (404 - paper not indexed)
2026-02-22 12:37:59,846 - INFO - [10/7120] Continuous-wave narrow-linewidth vacuum ultraviolet laser source...
2026-02-22 12:38:01,795 - INFO -   ✗ Rejected: No match
2026-02-22 12:38:01,795 - INFO - [11/7120] Author Correction: Natural behaviour is learned through dopamine-media...
2026-02-22 12:38:03,773 - INFO -   ✗ Rejected: No match
2026-02-22 12:38:03,773 - INFO - [12/7120] Science journalism on the ropes worldwide as US aid cuts bite...
2026-02-22 12:38:05,671 - INFO -   ✗ Rejected: No match
2026-02-22 12:38:05,672 - INFO - [13/7120] The surprisingly big health benefits of just a little exercise...
2026-02-22 12:38:07,727 - INFO -   ✗ Rejected: No match
2026-02-22 12:38:07,728 - INFO - [14/7120] How to eat well and within Earth’s limits...
2026-02-22 12:38:09,683 - INFO -   ✗ Rejected: No match
2026-02-22 12:38:09,683 - INFO - [15/7120] The unfortunate embossing of Subsector XZ-74...
2026-02-22 12:38:11,580 - INFO -   ✗ Rejected: No match
2026-02-22 12:38:11,580 - INFO - [16/7120] Synthesizing scientific literature with retrieval-augmented language m...
2026-02-22 12:38:13,903 - INFO -   ✗ Rejected: No match
2026-02-22 12:38:13,904 - INFO - [17/7120] Common genetic variants affect risk of a major cause of pregnancy loss...
2026-02-22 12:38:16,279 - INFO -   ✗ Rejected: No match
2026-02-22 12:38:16,280 - INFO - [18/7120] Machine learning slashes the testing needed to work out battery lifeti...
2026-02-22 12:38:18,222 - INFO -   ✗ Rejected: No match
2026-02-22 12:38:18,223 - INFO - [19/7120] Who does academic consulting serve?...
2026-02-22 12:38:19,944 - INFO -   ✗ Not in S2 (404 - paper not indexed)
2026-02-22 12:38:19,945 - INFO - [20/7120] Author Correction: Nutrient-sensing nuclear receptors coordinate autop...
2026-02-22 12:38:21,982 - INFO -   ✗ Rejected: No match
2026-02-22 12:38:21,982 - INFO - [21/7120] Integrated structural dynamics uncover a new B12 photoreceptor activat...
2026-02-22 12:38:24,102 - INFO -   ✗ Rejected: No match
2026-02-22 12:38:24,102 - INFO - [22/7120] Large-scale quantum communication networks with integrated photonics...
2026-02-22 12:38:26,390 - INFO -   ✗ Rejected: No match
2026-02-22 12:38:26,391 - INFO - [23/7120] This chunk of glass could store two million books for 10,000 years...
2026-02-22 12:38:28,314 - INFO -   ✗ Rejected: No match
2026-02-22 12:38:28,314 - INFO - [24/7120] Parasitic wasps use tamed virus to castrate caterpillars...
2026-02-22 12:38:30,014 - INFO -   ✗ Not in S2 (404 - paper not indexed)
2026-02-22 12:38:30,014 - INFO - [25/7120] RYK is a GPNMB receptor that drives MASH...
2026-02-22 12:38:32,012 - INFO -   ✗ Rejected: No match
2026-02-22 12:38:32,012 - INFO - [26/7120] Ten years since the first reported observation of gravitational waves...
2026-02-22 12:38:34,013 - INFO -   ✗ Rejected: No match
2026-02-22 12:38:34,014 - INFO - [27/7120] Low-power integrated optical amplification through second-harmonic res...
2026-02-22 12:38:35,968 - INFO -   ✗ Rejected: No match
2026-02-22 12:38:35,968 - INFO - [28/7120] Briefing Chat: What Brazilian centenarians could reveal about the scie...
2026-02-22 12:38:37,912 - INFO -   ✗ Rejected: No match
2026-02-22 12:38:37,912 - INFO - [29/7120] Volcanic personality: the man who recognized volcanoes as a planet-sha...
2026-02-22 12:38:39,795 - INFO -   ✗ Rejected: No match
2026-02-22 12:38:39,795 - INFO - [30/7120] A way to gauge the equity of ocean-related initiatives...
2026-02-22 12:38:41,764 - INFO -   ✗ Rejected: No match
2026-02-22 12:38:41,764 - INFO - [31/7120] Publisher Correction: Colibactin-driven colon cancer requires adhesin-...
2026-02-22 12:38:43,498 - INFO -   ✗ Not in S2 (404 - paper not indexed)
2026-02-22 12:38:43,498 - INFO - [32/7120] Daily briefing: What people with no ‘mind’s eye’ can tell us about con...
2026-02-22 12:38:45,147 - INFO -   ✗ Not in S2 (404 - paper not indexed)
2026-02-22 12:38:45,147 - INFO - [33/7120] A tumour-to-brain pathway hinders anticancer defences...
2026-02-22 12:38:47,098 - INFO -   ✗ Rejected: No match
2026-02-22 12:38:47,098 - INFO - [34/7120] These mysterious ridges could help skin regenerate...
2026-02-22 12:38:48,969 - INFO -   ✗ Rejected: No match
2026-02-22 12:38:48,970 - INFO - [35/7120] Tree rings and salt lakes give clues about ancient rainfall...
2026-02-22 12:38:51,008 - INFO -   ✗ Rejected: No match
2026-02-22 12:38:51,008 - INFO - [36/7120] ‘We need to dismantle the stigma of alcohol dependence in academia’...
2026-02-22 12:38:53,115 - INFO -   ✗ Rejected: No match
2026-02-22 12:38:53,115 - INFO - [37/7120] Author Correction: Relatively warm deep-water formation persisted in t...
2026-02-22 12:38:55,097 - INFO -   ✗ Rejected: No match
2026-02-22 12:38:55,097 - INFO - [38/7120] Signatures of fractional charges via anyon–trions in twisted MoTe2...
2026-02-22 12:38:57,152 - INFO -   ✗ Rejected: No match
2026-02-22 12:38:57,153 - INFO - [39/7120] China to punish universities that fail to sanction research misconduct...
2026-02-22 12:38:59,193 - INFO -   ✗ Rejected: No match
2026-02-22 12:38:59,193 - INFO - [40/7120] How some COVID vaccines triggered rare blood-clot disorder...
2026-02-22 12:39:01,203 - INFO -   ✗ Rejected: No match
2026-02-22 12:39:01,203 - INFO - [41/7120] Tumour–brain crosstalk restrains cancer immunity via a sensory–sympath...
2026-02-22 12:39:02,862 - INFO -   ✗ Rejected: No match
2026-02-22 12:39:02,863 - INFO - [42/7120] What were the first animals? The fierce sponge–jelly battle that just ...
2026-02-22 12:39:04,756 - INFO -   ✗ Rejected: No match
2026-02-22 12:39:04,756 - INFO - [43/7120] Internet blackout: Iran’s academic shutdown...
2026-02-22 12:39:06,762 - INFO -   ✗ Rejected: No match
2026-02-22 12:39:06,762 - INFO - [44/7120] Marvellous microbes, memory and the multiverse: Books in brief...
2026-02-22 12:39:08,712 - INFO -   ✗ Rejected: No match
2026-02-22 12:39:08,712 - INFO - [45/7120] Six highlights from lung-health research...
2026-02-22 12:39:10,602 - INFO -   ✗ Rejected: No match
2026-02-22 12:39:10,603 - INFO - [46/7120] Audio long read: ‘I rarely get outside’ — scientists ditch fieldwork i...
2026-02-22 12:39:12,632 - INFO -   ✗ Rejected: No match
2026-02-22 12:39:12,632 - INFO - [47/7120] Constraints on axion dark matter by distributed intercity quantum sens...
2026-02-22 12:39:14,680 - INFO -   ✗ Rejected: No match
2026-02-22 12:39:14,680 - INFO - [48/7120] SLAMF6 as a drug-targetable suppressor of T cell immunity against canc...
2026-02-22 12:39:16,683 - INFO -   ✗ Rejected: No match
2026-02-22 12:39:16,683 - INFO - [49/7120] Mid-cycle update...
2026-02-22 12:39:18,733 - INFO -   ✗ Rejected: No match
2026-02-22 12:39:18,733 - INFO - [50/7120] Academia’s parent trap: the struggles faced by researcher mothers...
2026-02-22 12:39:20,630 - INFO -   ✗ Rejected: No match
2026-02-22 12:39:20,631 - INFO - [51/7120] Robust partitioning of cell contents by physical instabilities and bio...
2026-02-22 12:39:22,680 - INFO -   ✗ Rejected: No match
2026-02-22 12:39:22,681 - INFO - [52/7120] Five ways increased militarization could change scientific careers...
2026-02-22 12:39:24,664 - INFO -   ✗ Rejected: No match
2026-02-22 12:39:24,664 - INFO - [53/7120] Will self-driving ‘robot labs’ replace biologists? Paper sparks debate...
2026-02-22 12:39:26,645 - INFO -   ✗ Rejected: No match
2026-02-22 12:39:26,646 - INFO - [54/7120] Radiation-tolerant atomic-layer-scale RF system for spaceborne communi...
2026-02-22 12:39:28,648 - INFO -   ✗ Rejected: No match
2026-02-22 12:39:28,648 - INFO - [55/7120] Can the clean-energy revolution save us from climate catastrophe?...
2026-02-22 12:39:30,573 - INFO -   ✗ Rejected: No match
2026-02-22 12:39:30,573 - INFO - [56/7120] Not just a chip off the old block: nanoparticles reveal odd traits...
2026-02-22 12:39:32,717 - INFO -   ✗ Rejected: No match
2026-02-22 12:39:32,717 - INFO - [57/7120] What drugs are safe during pregnancy? There’s a shocking lack of data...
2026-02-22 12:39:34,714 - INFO -   ✗ Rejected: No match
2026-02-22 12:39:34,714 - INFO - [58/7120] Jupiter gets downsized — and squashed...
2026-02-22 12:39:36,462 - INFO -   ✗ Not in S2 (404 - paper not indexed)
2026-02-22 12:39:36,462 - INFO - [59/7120] Vacuum ultraviolet second-harmonic generation in NH4B4O6F crystal...
2026-02-22 12:39:38,416 - INFO -   ✗ Rejected: No match
2026-02-22 12:39:38,416 - INFO - [60/7120] Daily briefing: Exercise rewires the brain for endurance, in mice...
2026-02-22 12:39:40,047 - INFO -   ✗ Not in S2 (404 - paper not indexed)
2026-02-22 12:39:40,047 - INFO - [61/7120] How to wow a popular-science writer with your research expertise...
2026-02-22 12:39:42,285 - INFO -   ✗ Rejected: No match
2026-02-22 12:39:42,285 - INFO - [62/7120] A roadmap for evaluating moral competence in large language models...
2026-02-22 12:39:44,317 - INFO -   ✗ Rejected: No match
2026-02-22 12:39:44,317 - INFO - [63/7120] Tiny robot fish could swim through the body powered by ultrasound...
2026-02-22 12:39:46,325 - INFO -   ✗ Rejected: No match
2026-02-22 12:39:46,325 - INFO - [64/7120] Highly dynamic dural sinuses support meningeal immunity...
2026-02-22 12:39:48,355 - INFO -   ✗ Rejected: No match
2026-02-22 12:39:48,355 - INFO - [65/7120] Deepest-ever rock core extracted from under Antarctic ice sheet...
2026-02-22 12:39:50,288 - INFO -   ✗ Rejected: No match
2026-02-22 12:39:50,288 - INFO - [66/7120] Efficient near-telomere-to-telomere assembly of nanopore simplex reads...
2026-02-22 12:39:52,530 - INFO -   ✗ Rejected: No match
2026-02-22 12:39:52,531 - INFO - [67/7120] Exposome studies can improve lung health...
2026-02-22 12:39:54,499 - INFO -   ✗ Rejected: No match
2026-02-22 12:39:54,500 - INFO - [68/7120] Optical control of integer and fractional Chern insulators...
2026-02-22 12:39:56,229 - INFO -   ✗ Rejected: No match
2026-02-22 12:39:56,230 - INFO - [69/7120] Briefing Chat: The canny cow that can use tools, and how babies share ...
2026-02-22 12:39:58,113 - INFO -   ✗ Rejected: No match
2026-02-22 12:39:58,114 - INFO - [70/7120] Eviction notice...
2026-02-22 12:40:00,064 - INFO -   ✗ Rejected: No match
2026-02-22 12:40:00,064 - INFO - [71/7120] Cleavage of mRNAs by a minority of pachytene piRNAs improves sperm fit...
2026-02-22 12:40:01,713 - INFO -   ✗ Rejected: No match
2026-02-22 12:40:01,713 - INFO - [72/7120] Regulation of STING activation by phosphoinositide and cholesterol...
2026-02-22 12:40:03,321 - INFO -   ✗ Not in S2 (404 - paper not indexed)
2026-02-22 12:40:03,322 - INFO - [73/7120] Still working at 107: supercentenarian study probes genetics of extrem...
2026-02-22 12:40:05,360 - INFO -   ✗ Rejected: No match
2026-02-22 12:40:05,360 - INFO - [74/7120] Largest galaxy survey yet confirms that the Universe is not clumpy eno...
2026-02-22 12:40:07,123 - INFO -   ✗ Not in S2 (404 - paper not indexed)
2026-02-22 12:40:07,123 - INFO - [75/7120] Author Correction: Cotranslational assembly of protein complexes in eu...
2026-02-22 12:40:09,254 - INFO -   ✗ Rejected: No match
2026-02-22 12:40:09,254 - INFO - [76/7120] Could the regenerative power of the lungs help to reverse disease?...
2026-02-22 12:40:11,165 - INFO -   ✗ Rejected: No match
2026-02-22 12:40:11,165 - INFO - [77/7120] Astrocytes enable amygdala neural representations supporting memory...
2026-02-22 12:40:12,914 - INFO -   ✗ Rejected: No match
2026-02-22 12:40:12,914 - INFO - [78/7120] Transferable enantioselectivity models from sparse data...
2026-02-22 12:40:15,018 - INFO -   ✗ Rejected: No match
2026-02-22 12:40:15,019 - INFO - [79/7120] How to rescue the aid industry: focus on conflict prevention, not just...
2026-02-22 12:40:16,992 - INFO -   ✗ Rejected: No match
2026-02-22 12:40:16,992 - INFO - [80/7120] Public-speaking tips from the experts: what scientists can learn from ...
